2026-03-11 15:06:24,715 - INFO - Running
2026-03-11 15:06:25,858 - INFO - API rate limit: {'resources': {'core': {'limit': 5000, 'used': 0, 'remaining': 5000, 'reset': 1773216385}, 'search': {'limit': 30, 'used': 0, 'remaining': 30, 'reset': 1773212845}, 'graphql': {'limit': 5000, 'used': 0, 'remaining': 5000, 'reset': 1773216385}, 'integration_manifest': {'limit': 5000, 'used': 0, 'remaining': 5000, 'reset': 1773216385}, 'source_import': {'limit': 100, 'used': 0, 'remaining': 100, 'reset': 1773212845}, 'code_scanning_upload': {'limit': 5000, 'used': 0, 'remaining': 5000, 'reset': 1773216385}, 'code_scanning_autofix': {'limit': 10, 'used': 0, 'remaining': 10, 'reset': 1773212845}, 'actions_runner_registration': {'limit': 10000, 'used': 0, 'remaining': 10000, 'reset': 1773216385}, 'scim': {'limit': 15000, 'used': 0, 'remaining': 15000, 'reset': 1773216385}, 'dependency_snapshots': {'limit': 100, 'used': 0, 'remaining': 100, 'reset': 1773212845}, 'dependency_sbom': {'limit': 100, 'used': 0, 'remaining': 100, 'reset': 1773212845}, 'audit_log': {'limit': 1750, 'used': 0, 'remaining': 1750, 'reset': 1773216385}, 'audit_log_streaming': {'limit': 15, 'used': 0, 'remaining': 15, 'reset': 1773216385}, 'code_search': {'limit': 10, 'used': 0, 'remaining': 10, 'reset': 1773212845}}, 'rate': {'limit': 5000, 'used': 0, 'remaining': 5000, 'reset': 1773216385}}
2026-03-11 15:06:25,858 - INFO - There are 13 periods.
2026-03-11 15:06:25,858 - INFO - Getting repo data, language type is TypeScript.
2026-03-11 15:06:25,858 - INFO - repo data in <2025-01-01 ...
2026-03-11 15:06:31,585 - INFO - Saved to data/raw/TypeScript/<2025-01-01__1.json
2026-03-11 15:06:37,981 - INFO - Saved to data/raw/TypeScript/<2025-01-01__2.json
2026-03-11 15:06:43,873 - INFO - Saved to data/raw/TypeScript/<2025-01-01__3.json
2026-03-11 15:06:50,281 - INFO - Saved to data/raw/TypeScript/<2025-01-01__4.json
2026-03-11 15:06:53,267 - INFO - Saved to data/raw/TypeScript/<2025-01-01__5.json
2026-03-11 15:06:53,267 - INFO - repo data in 2025-01-01..2025-01-31 ...
2026-03-11 15:06:58,872 - INFO - Saved to data/raw/TypeScript/2025-01-01__2025-01-31__1.json
2026-03-11 15:07:02,367 - INFO - Saved to data/raw/TypeScript/2025-01-01__2025-01-31__2.json
2026-03-11 15:07:02,367 - INFO - repo data in 2025-02-01..2025-02-28 ...
2026-03-11 15:07:07,820 - INFO - Saved to data/raw/TypeScript/2025-02-01__2025-02-28__1.json
2026-03-11 15:07:11,744 - INFO - Saved to data/raw/TypeScript/2025-02-01__2025-02-28__2.json
2026-03-11 15:07:11,744 - INFO - repo data in 2025-03-01..2025-03-31 ...
2026-03-11 15:07:17,488 - INFO - Saved to data/raw/TypeScript/2025-03-01__2025-03-31__1.json
2026-03-11 15:07:22,875 - INFO - Saved to data/raw/TypeScript/2025-03-01__2025-03-31__2.json
2026-03-11 15:07:28,661 - INFO - Saved to data/raw/TypeScript/2025-03-01__2025-03-31__3.json
2026-03-11 15:07:33,853 - INFO - Saved to data/raw/TypeScript/2025-03-01__2025-03-31__4.json
2026-03-11 15:07:39,454 - INFO - Saved to data/raw/TypeScript/2025-03-01__2025-03-31__5.json
2026-03-11 15:07:39,454 - INFO - repo data in 2025-04-01..2025-04-30 ...
2026-03-11 15:07:45,452 - INFO - Saved to data/raw/TypeScript/2025-04-01__2025-04-30__1.json
2026-03-11 15:07:51,476 - INFO - Saved to data/raw/TypeScript/2025-04-01__2025-04-30__2.json
2026-03-11 15:07:57,272 - INFO - Saved to data/raw/TypeScript/2025-04-01__2025-04-30__3.json
2026-03-11 15:08:02,103 - INFO - Saved to data/raw/TypeScript/2025-04-01__2025-04-30__4.json
2026-03-11 15:08:02,103 - INFO - repo data in 2025-05-01..2025-05-31 ...
2026-03-11 15:08:08,197 - INFO - Saved to data/raw/TypeScript/2025-05-01__2025-05-31__1.json
2026-03-11 15:08:14,610 - INFO - Saved to data/raw/TypeScript/2025-05-01__2025-05-31__2.json
2026-03-11 15:08:18,612 - INFO - Saved to data/raw/TypeScript/2025-05-01__2025-05-31__3.json
2026-03-11 15:08:18,612 - INFO - repo data in 2025-06-01..2025-06-30 ...
2026-03-11 15:08:24,555 - INFO - Saved to data/raw/TypeScript/2025-06-01__2025-06-30__1.json
2026-03-11 15:08:30,109 - INFO - Saved to data/raw/TypeScript/2025-06-01__2025-06-30__2.json
2026-03-11 15:08:35,943 - INFO - Saved to data/raw/TypeScript/2025-06-01__2025-06-30__3.json
2026-03-11 15:08:39,064 - INFO - Saved to data/raw/TypeScript/2025-06-01__2025-06-30__4.json
2026-03-11 15:08:39,065 - INFO - repo data in 2025-07-01..2025-07-31 ...
2026-03-11 15:08:44,790 - INFO - Saved to data/raw/TypeScript/2025-07-01__2025-07-31__1.json
2026-03-11 15:08:51,592 - INFO - Saved to data/raw/TypeScript/2025-07-01__2025-07-31__2.json
2026-03-11 15:08:55,234 - INFO - Saved to data/raw/TypeScript/2025-07-01__2025-07-31__3.json
2026-03-11 15:08:55,234 - INFO - repo data in 2025-08-01..2025-08-31 ...
2026-03-11 15:09:00,404 - INFO - Saved to data/raw/TypeScript/2025-08-01__2025-08-31__1.json
2026-03-11 15:09:06,912 - INFO - Saved to data/raw/TypeScript/2025-08-01__2025-08-31__2.json
2026-03-11 15:09:10,051 - INFO - Saved to data/raw/TypeScript/2025-08-01__2025-08-31__3.json
2026-03-11 15:09:10,051 - INFO - repo data in 2025-09-01..2025-09-30 ...
2026-03-11 15:09:15,916 - INFO - Saved to data/raw/TypeScript/2025-09-01__2025-09-30__1.json
2026-03-11 15:09:20,462 - INFO - Saved to data/raw/TypeScript/2025-09-01__2025-09-30__2.json
2026-03-11 15:09:20,462 - INFO - repo data in 2025-10-01..2025-10-31 ...
2026-03-11 15:09:26,090 - INFO - Saved to data/raw/TypeScript/2025-10-01__2025-10-31__1.json
2026-03-11 15:09:32,082 - INFO - Saved to data/raw/TypeScript/2025-10-01__2025-10-31__2.json
2026-03-11 15:09:32,082 - INFO - repo data in 2025-11-01..2025-11-30 ...
2026-03-11 15:09:37,988 - INFO - Saved to data/raw/TypeScript/2025-11-01__2025-11-30__1.json
2026-03-11 15:09:42,323 - INFO - Saved to data/raw/TypeScript/2025-11-01__2025-11-30__2.json
2026-03-11 15:09:42,323 - INFO - repo data in 2025-12-01..2025-12-31 ...
2026-03-11 15:09:48,532 - INFO - Saved to data/raw/TypeScript/2025-12-01__2025-12-31__1.json
2026-03-11 15:09:53,411 - INFO - Saved to data/raw/TypeScript/2025-12-01__2025-12-31__2.json
2026-03-11 15:09:53,411 - INFO - Getting repo data, language type is JavaScript.
2026-03-11 15:09:53,411 - INFO - repo data in <2025-01-01 ...
2026-03-11 15:09:59,382 - INFO - Saved to data/raw/JavaScript/<2025-01-01__1.json
2026-03-11 15:10:05,249 - INFO - Saved to data/raw/JavaScript/<2025-01-01__2.json
2026-03-11 15:10:05,249 - INFO - repo data in 2025-01-01..2025-01-31 ...
2026-03-11 15:10:09,308 - INFO - Saved to data/raw/JavaScript/2025-01-01__2025-01-31__1.json
2026-03-11 15:10:09,308 - INFO - repo data in 2025-02-01..2025-02-28 ...
2026-03-11 15:10:13,994 - INFO - Saved to data/raw/JavaScript/2025-02-01__2025-02-28__1.json
2026-03-11 15:10:13,994 - INFO - repo data in 2025-03-01..2025-03-31 ...
2026-03-11 15:10:19,266 - INFO - Saved to data/raw/JavaScript/2025-03-01__2025-03-31__1.json
2026-03-11 15:10:24,774 - INFO - Saved to data/raw/JavaScript/2025-03-01__2025-03-31__2.json
2026-03-11 15:10:24,774 - INFO - repo data in 2025-04-01..2025-04-30 ...
2026-03-11 15:10:30,252 - INFO - Saved to data/raw/JavaScript/2025-04-01__2025-04-30__1.json
2026-03-11 15:10:34,079 - INFO - Saved to data/raw/JavaScript/2025-04-01__2025-04-30__2.json
2026-03-11 15:10:34,079 - INFO - repo data in 2025-05-01..2025-05-31 ...
2026-03-11 15:10:38,950 - INFO - Saved to data/raw/JavaScript/2025-05-01__2025-05-31__1.json
2026-03-11 15:10:38,950 - INFO - repo data in 2025-06-01..2025-06-30 ...
2026-03-11 15:10:45,102 - INFO - Saved to data/raw/JavaScript/2025-06-01__2025-06-30__1.json
2026-03-11 15:10:45,102 - INFO - repo data in 2025-07-01..2025-07-31 ...
2026-03-11 15:10:50,099 - INFO - Saved to data/raw/JavaScript/2025-07-01__2025-07-31__1.json
2026-03-11 15:10:50,099 - INFO - repo data in 2025-08-01..2025-08-31 ...
2026-03-11 15:10:54,720 - INFO - Saved to data/raw/JavaScript/2025-08-01__2025-08-31__1.json
2026-03-11 15:10:54,720 - INFO - repo data in 2025-09-01..2025-09-30 ...
2026-03-11 15:10:59,178 - INFO - Saved to data/raw/JavaScript/2025-09-01__2025-09-30__1.json
2026-03-11 15:10:59,178 - INFO - repo data in 2025-10-01..2025-10-31 ...
2026-03-11 15:11:03,297 - INFO - Saved to data/raw/JavaScript/2025-10-01__2025-10-31__1.json
2026-03-11 15:11:03,297 - INFO - repo data in 2025-11-01..2025-11-30 ...
2026-03-11 15:11:06,837 - INFO - Saved to data/raw/JavaScript/2025-11-01__2025-11-30__1.json
2026-03-11 15:11:06,837 - INFO - repo data in 2025-12-01..2025-12-31 ...
2026-03-11 15:11:10,719 - INFO - Saved to data/raw/JavaScript/2025-12-01__2025-12-31__1.json
2026-03-11 15:11:10,719 - INFO - Getting repo data, language type is Python.
2026-03-11 15:11:10,719 - INFO - repo data in <2025-01-01 ...
2026-03-11 15:11:16,493 - INFO - Saved to data/raw/Python/<2025-01-01__1.json
2026-03-11 15:11:22,307 - INFO - Saved to data/raw/Python/<2025-01-01__2.json
2026-03-11 15:11:28,026 - INFO - Saved to data/raw/Python/<2025-01-01__3.json
2026-03-11 15:11:34,060 - INFO - Saved to data/raw/Python/<2025-01-01__4.json
2026-03-11 15:11:39,770 - INFO - Saved to data/raw/Python/<2025-01-01__5.json
2026-03-11 15:11:39,770 - INFO - repo data in 2025-01-01..2025-01-31 ...
2026-03-11 15:11:45,401 - INFO - Saved to data/raw/Python/2025-01-01__2025-01-31__1.json
2026-03-11 15:11:49,155 - INFO - Saved to data/raw/Python/2025-01-01__2025-01-31__2.json
2026-03-11 15:11:49,155 - INFO - repo data in 2025-02-01..2025-02-28 ...
2026-03-11 15:11:55,622 - INFO - Saved to data/raw/Python/2025-02-01__2025-02-28__1.json
2026-03-11 15:12:00,292 - INFO - Saved to data/raw/Python/2025-02-01__2025-02-28__2.json
2026-03-11 15:12:00,292 - INFO - repo data in 2025-03-01..2025-03-31 ...
2026-03-11 15:12:06,078 - INFO - Saved to data/raw/Python/2025-03-01__2025-03-31__1.json
2026-03-11 15:12:11,497 - INFO - Saved to data/raw/Python/2025-03-01__2025-03-31__2.json
2026-03-11 15:12:17,297 - INFO - Saved to data/raw/Python/2025-03-01__2025-03-31__3.json
2026-03-11 15:12:23,109 - INFO - Saved to data/raw/Python/2025-03-01__2025-03-31__4.json
2026-03-11 15:12:28,929 - INFO - Saved to data/raw/Python/2025-03-01__2025-03-31__5.json
2026-03-11 15:12:34,457 - INFO - Saved to data/raw/Python/2025-03-01__2025-03-31__6.json
2026-03-11 15:12:37,454 - INFO - Saved to data/raw/Python/2025-03-01__2025-03-31__7.json
2026-03-11 15:12:37,454 - INFO - repo data in 2025-04-01..2025-04-30 ...
2026-03-11 15:12:43,460 - INFO - Saved to data/raw/Python/2025-04-01__2025-04-30__1.json
2026-03-11 15:12:49,487 - INFO - Saved to data/raw/Python/2025-04-01__2025-04-30__2.json
2026-03-11 15:12:55,245 - INFO - Saved to data/raw/Python/2025-04-01__2025-04-30__3.json
2026-03-11 15:13:01,358 - INFO - Saved to data/raw/Python/2025-04-01__2025-04-30__4.json
2026-03-11 15:13:06,974 - INFO - Saved to data/raw/Python/2025-04-01__2025-04-30__5.json
2026-03-11 15:13:11,881 - INFO - Saved to data/raw/Python/2025-04-01__2025-04-30__6.json
2026-03-11 15:13:11,881 - INFO - repo data in 2025-05-01..2025-05-31 ...
2026-03-11 15:13:18,029 - INFO - Saved to data/raw/Python/2025-05-01__2025-05-31__1.json
2026-03-11 15:13:23,725 - INFO - Saved to data/raw/Python/2025-05-01__2025-05-31__2.json
2026-03-11 15:13:29,478 - INFO - Saved to data/raw/Python/2025-05-01__2025-05-31__3.json
2026-03-11 15:13:34,697 - INFO - Saved to data/raw/Python/2025-05-01__2025-05-31__4.json
2026-03-11 15:13:34,697 - INFO - repo data in 2025-06-01..2025-06-30 ...
2026-03-11 15:13:39,855 - INFO - Saved to data/raw/Python/2025-06-01__2025-06-30__1.json
2026-03-11 15:13:45,873 - INFO - Saved to data/raw/Python/2025-06-01__2025-06-30__2.json
2026-03-11 15:13:51,720 - INFO - Saved to data/raw/Python/2025-06-01__2025-06-30__3.json
2026-03-11 15:13:56,100 - INFO - Saved to data/raw/Python/2025-06-01__2025-06-30__4.json
2026-03-11 15:13:56,100 - INFO - repo data in 2025-07-01..2025-07-31 ...
2026-03-11 15:14:01,888 - INFO - Saved to data/raw/Python/2025-07-01__2025-07-31__1.json
2026-03-11 15:14:08,362 - INFO - Saved to data/raw/Python/2025-07-01__2025-07-31__2.json
2026-03-11 15:14:13,881 - INFO - Saved to data/raw/Python/2025-07-01__2025-07-31__3.json
2026-03-11 15:14:16,928 - INFO - Saved to data/raw/Python/2025-07-01__2025-07-31__4.json
2026-03-11 15:14:16,928 - INFO - repo data in 2025-08-01..2025-08-31 ...
2026-03-11 15:14:22,284 - INFO - Saved to data/raw/Python/2025-08-01__2025-08-31__1.json
2026-03-11 15:14:28,005 - INFO - Saved to data/raw/Python/2025-08-01__2025-08-31__2.json
2026-03-11 15:14:32,143 - INFO - Saved to data/raw/Python/2025-08-01__2025-08-31__3.json
2026-03-11 15:14:32,143 - INFO - repo data in 2025-09-01..2025-09-30 ...
2026-03-11 15:14:37,806 - INFO - Saved to data/raw/Python/2025-09-01__2025-09-30__1.json
2026-03-11 15:14:42,629 - INFO - Saved to data/raw/Python/2025-09-01__2025-09-30__2.json
2026-03-11 15:14:42,629 - INFO - repo data in 2025-10-01..2025-10-31 ...
2026-03-11 15:14:47,769 - INFO - Saved to data/raw/Python/2025-10-01__2025-10-31__1.json
2026-03-11 15:14:53,641 - INFO - Saved to data/raw/Python/2025-10-01__2025-10-31__2.json
2026-03-11 15:14:57,672 - INFO - Saved to data/raw/Python/2025-10-01__2025-10-31__3.json
2026-03-11 15:14:57,672 - INFO - repo data in 2025-11-01..2025-11-30 ...
2026-03-11 15:15:03,269 - INFO - Saved to data/raw/Python/2025-11-01__2025-11-30__1.json
2026-03-11 15:15:08,358 - INFO - Saved to data/raw/Python/2025-11-01__2025-11-30__2.json
2026-03-11 15:15:11,445 - INFO - Saved to data/raw/Python/2025-11-01__2025-11-30__3.json
2026-03-11 15:15:11,445 - INFO - repo data in 2025-12-01..2025-12-31 ...
2026-03-11 15:15:17,306 - INFO - Saved to data/raw/Python/2025-12-01__2025-12-31__1.json
2026-03-11 15:15:23,291 - INFO - Saved to data/raw/Python/2025-12-01__2025-12-31__2.json
2026-03-11 15:15:27,056 - INFO - Saved to data/raw/Python/2025-12-01__2025-12-31__3.json
2026-03-11 15:15:27,056 - INFO - Over!
